TN:
SF:middleware\auth.js
FN:7,(anonymous_0)
FN:32,(anonymous_1)
FN:34,(anonymous_2)
FNF:3
FNH:3
FNDA:3,(anonymous_0)
FNDA:2,(anonymous_1)
FNDA:2,(anonymous_2)
DA:1,1
DA:2,1
DA:3,1
DA:7,1
DA:10,3
DA:12,2
DA:15,3
DA:16,1
DA:20,2
DA:21,2
DA:22,1
DA:23,1
DA:25,1
DA:32,1
DA:34,2
DA:35,2
DA:36,1
DA:38,1
LF:18
LH:18
BRDA:10,0,0,2
BRDA:10,0,1,1
BRDA:10,1,0,3
BRDA:10,1,1,2
BRDA:15,2,0,1
BRDA:15,2,1,2
BRDA:35,3,0,1
BRDA:35,3,1,1
BRF:8
BRH:8
end_of_record
TN:
SF:middleware\error.js
FN:2,(anonymous_0)
FN:19,(anonymous_1)
FNF:2
FNH:2
FNDA:4,(anonymous_0)
FNDA:2,(anonymous_1)
DA:1,1
DA:2,1
DA:4,4
DA:6,4
DA:8,4
DA:9,1
DA:10,1
DA:13,4
DA:14,1
DA:15,1
DA:18,4
DA:19,2
DA:20,1
DA:23,4
DA:30,1
LF:15
LH:15
BRDA:8,0,0,1
BRDA:8,0,1,3
BRDA:13,1,0,1
BRDA:13,1,1,3
BRDA:18,2,0,1
BRDA:18,2,1,3
BRDA:23,3,0,4
BRDA:23,3,1,1
BRDA:25,4,0,4
BRDA:25,4,1,0
BRF:10
BRH:9
end_of_record
TN:
SF:models\User.js
FN:36,(anonymous_0)
FN:46,(anonymous_1)
FN:51,(anonymous_2)
FN:59,(anonymous_3)
FNF:4
FNH:0
FNDA:0,(anonymous_0)
FNDA:0,(anonymous_1)
FNDA:0,(anonymous_2)
FNDA:0,(anonymous_3)
DA:1,1
DA:2,1
DA:3,1
DA:4,1
DA:6,1
DA:36,1
DA:37,0
DA:38,0
DA:40,0
DA:41,0
DA:42,0
DA:46,1
DA:47,0
DA:51,1
DA:52,0
DA:53,0
DA:55,0
DA:56,0
DA:59,1
DA:60,0
DA:64,0
DA:66,1
LF:22
LH:10
BRDA:37,0,0,0
BRDA:37,0,1,0
BRF:2
BRH:0
end_of_record
TN:
SF:utils\errorResponse.js
FN:3,(anonymous_0)
FNF:1
FNH:1
FNDA:6,(anonymous_0)
DA:4,6
DA:5,6
DA:10,2
LF:3
LH:3
BRF:0
BRH:0
end_of_record
